trying to remove /scratch/3435246.clusman0a.frank.sam.pitt.edu
+---------------------------------------------------------------------+
|                        JOB INFORMATION                              |
+---------------------------------------------------------------------+
|
|  Date      : Tue Feb 23 13:03:20 EST 2016
|  Job ID    : 3435246.clusman0a.frank.sam.pitt.edu
|  Username  : ark111
|  Group     : cwilmer
|  Job Name  : arkHT_90
|  Session   : 75570
|  Limits    : neednodes=1:ppn=1,nodes=1:ppn=1,pmem=2666mb,walltime=03:00:00
|  Resources : cput=00:00:35,energy_used=0,mem=9976kb,vmem=49292kb,walltime=00:00:43
|  Disk      : 36K
|  Queue     : ishared
|  Account   : 
|  Exit code : 0
|  Local scr : /scratch/3435246.clusman0a.frank.sam.pitt.edu
|  Node/cores: 49/1 
|
[---------------------------------------------------------------------]
