trying to remove /scratch/3480837.clusman0a.frank.sam.pitt.edu
+---------------------------------------------------------------------+
|                        JOB INFORMATION                              |
+---------------------------------------------------------------------+
|
|  Date      : Thu Mar 10 15:44:05 EST 2016
|  Job ID    : 3480837.clusman0a.frank.sam.pitt.edu
|  Username  : ark111
|  Group     : cwilmer
|  Job Name  : arkHT_10
|  Session   : 24313
|  Limits    : neednodes=1:ppn=1,nodes=1:ppn=1,pmem=2666mb,walltime=03:00:00
|  Resources : cput=00:07:16,energy_used=0,mem=45008kb,vmem=84928kb,walltime=00:07:27
|  Disk      : 28K
|  Queue     : ishared
|  Account   : 
|  Exit code : 0
|  Local scr : /scratch/3480837.clusman0a.frank.sam.pitt.edu
|  Node/cores: 7/1 
|
[---------------------------------------------------------------------]
