trying to remove /scratch/3444876.clusman0a.frank.sam.pitt.edu
+---------------------------------------------------------------------+
|                        JOB INFORMATION                              |
+---------------------------------------------------------------------+
|
|  Date      : Tue Mar  1 12:26:17 EST 2016
|  Job ID    : 3444876.clusman0a.frank.sam.pitt.edu
|  Username  : ark111
|  Group     : cwilmer
|  Job Name  : dummy_0
|  Session   : 10799
|  Limits    : neednodes=1:ppn=1,nodes=1:ppn=1,pmem=2666mb,walltime=03:00:00
|  Resources : cput=00:02:55,energy_used=0,mem=10348kb,vmem=49688kb,walltime=00:03:35
|  Disk      : 36K
|  Queue     : ishared
|  Account   : 
|  Exit code : 0
|  Local scr : /scratch/3444876.clusman0a.frank.sam.pitt.edu
|  Node/cores: 7/1 
|
[---------------------------------------------------------------------]
