trying to remove /scratch/3444877.clusman0a.frank.sam.pitt.edu
+---------------------------------------------------------------------+
|                        JOB INFORMATION                              |
+---------------------------------------------------------------------+
|
|  Date      : Tue Mar  1 12:30:29 EST 2016
|  Job ID    : 3444877.clusman0a.frank.sam.pitt.edu
|  Username  : ark111
|  Group     : cwilmer
|  Job Name  : dummy_0
|  Session   : 10923
|  Limits    : neednodes=1:ppn=1,nodes=1:ppn=1,pmem=2666mb,walltime=03:00:00
|  Resources : cput=00:07:25,energy_used=0,mem=10480kb,vmem=49672kb,walltime=00:07:46
|  Disk      : 28K
|  Queue     : ishared
|  Account   : 
|  Exit code : 0
|  Local scr : /scratch/3444877.clusman0a.frank.sam.pitt.edu
|  Node/cores: 7/1 
|
[---------------------------------------------------------------------]
