trying to remove /scratch/3480847.clusman0a.frank.sam.pitt.edu
+---------------------------------------------------------------------+
|                        JOB INFORMATION                              |
+---------------------------------------------------------------------+
|
|  Date      : Thu Mar 10 16:26:25 EST 2016
|  Job ID    : 3480847.clusman0a.frank.sam.pitt.edu
|  Username  : ark111
|  Group     : cwilmer
|  Job Name  : dummy_0
|  Session   : 35588
|  Limits    : neednodes=1:ppn=1,nodes=1:ppn=1,pmem=2666mb,walltime=08:00:00
|  Resources : cput=00:36:17,energy_used=0,mem=10120kb,vmem=49688kb,walltime=00:36:33
|  Disk      : 84K
|  Queue     : ishared
|  Account   : 
|  Exit code : 0
|  Local scr : /scratch/3480847.clusman0a.frank.sam.pitt.edu
|  Node/cores: 7/1 
|
[---------------------------------------------------------------------]
